<?xml version="1.0" encoding="UTF-8"?>
<testsuite name="dev.cafe.cache.MostPlayedServiceTest" tests="7" skipped="0" failures="0" errors="0" timestamp="2025-07-13T02:30:54.556Z" hostname="Mac" time="0.015">
  <properties/>
  <testcase name="setCached_setsFlagToTrue()" classname="dev.cafe.cache.MostPlayedServiceTest" time="0.005"/>
  <testcase name="incrementPlayCount_forExistingVideo_incrementsCount()" classname="dev.cafe.cache.MostPlayedServiceTest" time="0.001"/>
  <testcase name="serviceClosed_throwsException()" classname="dev.cafe.cache.MostPlayedServiceTest" time="0.001"/>
  <testcase name="isCached_forNewVideo_isFalse()" classname="dev.cafe.cache.MostPlayedServiceTest" time="0.001"/>
  <testcase name="getPlayCount_forNewVideo_returnsZero()" classname="dev.cafe.cache.MostPlayedServiceTest" time="0.0"/>
  <testcase name="incrementPlayCount_forNewVideo_returnsOne()" classname="dev.cafe.cache.MostPlayedServiceTest" time="0.001"/>
  <testcase name="getPlayCount_withMultipleVideos()" classname="dev.cafe.cache.MostPlayedServiceTest" time="0.001"/>
  <system-out><![CDATA[]]></system-out>
  <system-err><![CDATA[]]></system-err>
</testsuite>
